#
# There is insufficient memory for the Java Runtime Environment to continue.
# Native memory allocation (malloc) failed to allocate 198496 bytes for Chunk::new
# Possible reasons:
#   The system is out of physical RAM or swap space
#   In 32 bit mode, the process size limit was hit
# Possible solutions:
#   Reduce memory load on the system
#   Increase physical memory or swap space
#   Check if swap backing store is full
#   Use 64 bit Java on a 64 bit OS
#   Decrease Java heap size (-Xmx/-Xms)
#   Decrease number of Java threads
#   Decrease Java thread stack sizes (-Xss)
#   Set larger code cache with -XX:ReservedCodeCacheSize=
# This output file may be truncated or incomplete.
#
#  Out of Memory Error (allocation.cpp:390), pid=3108, tid=0x00000000000043c4
#
# JRE version: Java(TM) SE Runtime Environment (8.0_181-b13) (build 1.8.0_181-b13)
# Java VM: Java HotSpot(TM) 64-Bit Server VM (25.181-b13 mixed mode windows-amd64 compressed oops)
# Failed to write core dump. Minidumps are not enabled by default on client versions of Windows
#

---------------  T H R E A D  ---------------

Current thread (0x00000000153de800):  JavaThread "C2 CompilerThread1" daemon [_thread_in_native, id=17348, stack(0x0000000016b30000,0x0000000016c30000)]

Stack: [0x0000000016b30000,0x0000000016c30000]
[error occurred during error reporting (printing stack bounds), id 0xc0000005]

Native frames: (J=compiled Java code, j=interpreted, Vv=VM code, C=native code)


Current CompileTask:
C2:  18194  677   !   4       sun.misc.URLClassPath$JarLoader::getResource (85 bytes)


---------------  P R O C E S S  ---------------

Java Threads: ( => current thread )
  0x0000000016d58800 JavaThread "Service Thread" daemon [_thread_blocked, id=9336, stack(0x0000000017130000,0x0000000017230000)]
  0x00000000153eb000 JavaThread "C1 CompilerThread2" daemon [_thread_blocked, id=17956, stack(0x0000000016c30000,0x0000000016d30000)]
=>0x00000000153de800 JavaThread "C2 CompilerThread1" daemon [_thread_in_native, id=17348, stack(0x0000000016b30000,0x0000000016c30000)]
  0x00000000153db800 JavaThread "C2 CompilerThread0" daemon [_thread_in_native, id=1008, stack(0x0000000016a30000,0x0000000016b30000)]
  0x00000000153e7800 JavaThread "Attach Listener" daemon [_thread_blocked, id=2120, stack(0x0000000016930000,0x0000000016a30000)]
  0x00000000153e6000 JavaThread "Signal Dispatcher" daemon [_thread_blocked, id=11744, stack(0x0000000016830000,0x0000000016930000)]
  0x00000000153ca800 JavaThread "Finalizer" daemon [_thread_blocked, id=15656, stack(0x0000000016630000,0x0000000016730000)]
  0x0000000002cc3000 JavaThread "Reference Handler" daemon [_thread_blocked, id=9584, stack(0x0000000016530000,0x0000000016630000)]
  0x0000000002dce000 JavaThread "main" [_thread_in_native, id=16552, stack(0x0000000002a50000,0x0000000002b50000)]

Other Threads:
  0x00000000153a8800 VMThread [stack: 0x0000000016430000,0x0000000016530000] [id=13844]
  0x000000001543e800 WatcherThread [stack: 0x0000000017230000,0x0000000017330000] [id=13424]

VM state:not at safepoint (normal execution)

VM Mutex/Monitor currently owned by a thread: None

Heap:
 PSYoungGen      total 18944K, used 3938K [0x00000000eb180000, 0x00000000ec680000, 0x0000000100000000)
  eden space 16384K, 8% used [0x00000000eb180000,0x00000000eb2dca90,0x00000000ec180000)
  from space 2560K, 99% used [0x00000000ec400000,0x00000000ec67be40,0x00000000ec680000)
  to   space 2560K, 0% used [0x00000000ec180000,0x00000000ec180000,0x00000000ec400000)
 ParOldGen       total 44032K, used 730K [0x00000000c1400000, 0x00000000c3f00000, 0x00000000eb180000)
  object space 44032K, 1% used [0x00000000c1400000,0x00000000c14b6b30,0x00000000c3f00000)
 Metaspace       used 10550K, capacity 10664K, committed 11008K, reserved 1058816K
  class space    used 1396K, capacity 1434K, committed 1536K, reserved 1048576K

Card table byte_map: [0x0000000012190000,0x0000000012390000] byte_map_base: 0x0000000011b86000

Marking Bits: (ParMarkBitMap*) 0x0000000062f22d00
 Begin Bits: [0x00000000128e0000, 0x0000000013890000)
 End Bits:   [0x0000000013890000, 0x0000000014840000)

Polling page: 0x0000000000dd0000

CodeCache: size=245760Kb used=2753Kb max_used=2753Kb free=243006Kb
 bounds [0x0000000002dd0000, 0x0000000003090000, 0x0000000011dd0000]
 total_blobs=1017 nmethods=710 adapters=220
 compilation: enabled

Compilation events (10 events):
Event: 18.171 Thread 0x00000000153eb000  705       3       java.lang.reflect.AnnotatedElement::isAnnotationPresent (16 bytes)
Event: 18.171 Thread 0x00000000153eb000 nmethod 705 0x000000000307f510 code [0x000000000307f680, 0x000000000307f8e8]
Event: 18.171 Thread 0x00000000153eb000  706       3       com.sun.xml.internal.bind.v2.model.nav.ReflectionNavigator::fix (47 bytes)
Event: 18.172 Thread 0x00000000153eb000 nmethod 706 0x000000000307f990 code [0x000000000307fb60, 0x00000000030803e8]
Event: 18.172 Thread 0x00000000153eb000  704       1       sun.reflect.generics.reflectiveObjects.ParameterizedTypeImpl::getRawType (5 bytes)
Event: 18.172 Thread 0x00000000153eb000 nmethod 704 0x0000000003080590 code [0x00000000030806e0, 0x00000000030807f0]
Event: 18.172 Thread 0x00000000153eb000  707       1       com.sun.xml.internal.bind.v2.model.impl.PropertyInfoImpl::id (5 bytes)
Event: 18.172 Thread 0x00000000153eb000 nmethod 707 0x0000000003080850 code [0x00000000030809a0, 0x0000000003080ab0]
Event: 18.173 Thread 0x00000000153eb000  708       3       java.lang.Class::forName (53 bytes)
Event: 18.174 Thread 0x00000000153db800  711       4       java.util.HashMap::putVal (300 bytes)

GC Heap History (4 events):
Event: 0.263 GC heap before
{Heap before GC invocations=1 (full 0):
 PSYoungGen      total 18944K, used 16374K [0x00000000eb180000, 0x00000000ec680000, 0x0000000100000000)
  eden space 16384K, 99% used [0x00000000eb180000,0x00000000ec17d8c0,0x00000000ec180000)
  from space 2560K, 0% used [0x00000000ec400000,0x00000000ec400000,0x00000000ec680000)
  to   space 2560K, 0% used [0x00000000ec180000,0x00000000ec180000,0x00000000ec400000)
 ParOldGen       total 44032K, used 0K [0x00000000c1400000, 0x00000000c3f00000, 0x00000000eb180000)
  object space 44032K, 0% used [0x00000000c1400000,0x00000000c1400000,0x00000000c3f00000)
 Metaspace       used 2605K, capacity 4490K, committed 4864K, reserved 1056768K
  class space    used 290K, capacity 386K, committed 512K, reserved 1048576K
Event: 0.264 GC heap after
Heap after GC invocations=1 (full 0):
 PSYoungGen      total 18944K, used 644K [0x00000000eb180000, 0x00000000ec680000, 0x0000000100000000)
  eden space 16384K, 0% used [0x00000000eb180000,0x00000000eb180000,0x00000000ec180000)
  from space 2560K, 25% used [0x00000000ec180000,0x00000000ec221350,0x00000000ec400000)
  to   space 2560K, 0% used [0x00000000ec400000,0x00000000ec400000,0x00000000ec680000)
 ParOldGen       total 44032K, used 8K [0x00000000c1400000, 0x00000000c3f00000, 0x00000000eb180000)
  object space 44032K, 0% used [0x00000000c1400000,0x00000000c1402000,0x00000000c3f00000)
 Metaspace       used 2605K, capacity 4490K, committed 4864K, reserved 1056768K
  class space    used 290K, capacity 386K, committed 512K, reserved 1048576K
}
Event: 17.186 GC heap before
{Heap before GC invocations=2 (full 0):
 PSYoungGen      total 18944K, used 17028K [0x00000000eb180000, 0x00000000ec680000, 0x0000000100000000)
  eden space 16384K, 100% used [0x00000000eb180000,0x00000000ec180000,0x00000000ec180000)
  from space 2560K, 25% used [0x00000000ec180000,0x00000000ec221350,0x00000000ec400000)
  to   space 2560K, 0% used [0x00000000ec400000,0x00000000ec400000,0x00000000ec680000)
 ParOldGen       total 44032K, used 8K [0x00000000c1400000, 0x00000000c3f00000, 0x00000000eb180000)
  object space 44032K, 0% used [0x00000000c1400000,0x00000000c1402000,0x00000000c3f00000)
 Metaspace       used 8678K, capacity 8854K, committed 8960K, reserved 1056768K
  class space    used 1137K, capacity 1175K, committed 1280K, reserved 1048576K
Event: 17.193 GC heap after
Heap after GC invocations=2 (full 0):
 PSYoungGen      total 18944K, used 2543K [0x00000000eb180000, 0x00000000ec680000, 0x0000000100000000)
  eden space 16384K, 0% used [0x00000000eb180000,0x00000000eb180000,0x00000000ec180000)
  from space 2560K, 99% used [0x00000000ec400000,0x00000000ec67be40,0x00000000ec680000)
  to   space 2560K, 0% used [0x00000000ec180000,0x00000000ec180000,0x00000000ec400000)
 ParOldGen       total 44032K, used 730K [0x00000000c1400000, 0x00000000c3f00000, 0x00000000eb180000)
  object space 44032K, 1% used [0x00000000c1400000,0x00000000c14b6b30,0x00000000c3f00000)
 Metaspace       used 8678K, capacity 8854K, committed 8960K, reserved 1056768K
  class space    used 1137K, capacity 1175K, committed 1280K, reserved 1048576K
}

Deoptimization events (9 events):
Event: 15.490 Thread 0x0000000002dce000 Uncommon trap: reason=class_check action=maybe_recompile pc=0x0000000002f7903c method=java.util.regex.Pattern$BmpCharProperty.match(Ljava/util/regex/Matcher;ILjava/lang/CharSequence;)Z @ 31
Event: 15.490 Thread 0x0000000002dce000 Uncommon trap: reason=class_check action=maybe_recompile pc=0x0000000002f7903c method=java.util.regex.Pattern$BmpCharProperty.match(Ljava/util/regex/Matcher;ILjava/lang/CharSequence;)Z @ 31
Event: 15.490 Thread 0x0000000002dce000 Uncommon trap: reason=class_check action=maybe_recompile pc=0x0000000002f7903c method=java.util.regex.Pattern$BmpCharProperty.match(Ljava/util/regex/Matcher;ILjava/lang/CharSequence;)Z @ 31
Event: 15.491 Thread 0x0000000002dce000 Uncommon trap: reason=class_check action=maybe_recompile pc=0x0000000002f7903c method=java.util.regex.Pattern$BmpCharProperty.match(Ljava/util/regex/Matcher;ILjava/lang/CharSequence;)Z @ 31
Event: 16.554 Thread 0x0000000002dce000 Uncommon trap: reason=unstable_if action=reinterpret pc=0x0000000002fde0c4 method=java.util.HashMap.getNode(ILjava/lang/Object;)Ljava/util/HashMap$Node; @ 129
Event: 16.745 Thread 0x0000000002dce000 Uncommon trap: reason=unstable_if action=reinterpret pc=0x0000000002fdfd34 method=java.util.HashMap.getNode(ILjava/lang/Object;)Ljava/util/HashMap$Node; @ 129
Event: 16.780 Thread 0x0000000002dce000 Uncommon trap: reason=range_check action=make_not_entrant pc=0x0000000002ff6c60 method=sun.reflect.generics.parser.SignatureParser.current()C @ 34
Event: 17.074 Thread 0x0000000002dce000 Uncommon trap: reason=unstable_if action=reinterpret pc=0x0000000002f8e97c method=sun.misc.MetaIndex.mayContain(Ljava/lang/String;)Z @ 38
Event: 17.311 Thread 0x0000000002dce000 Uncommon trap: reason=unstable_if action=reinterpret pc=0x0000000002febc58 method=java.lang.AbstractStringBuilder.append(Ljava/lang/String;)Ljava/lang/AbstractStringBuilder; @ 1

Classes redefined (0 events):
No events

Internal exceptions (10 events):
Event: 16.720 Thread 0x0000000002dce000 Exception <a 'java/lang/ArrayIndexOutOfBoundsException'> (0x00000000ebf81df8) thrown at [C:\re\workspace\8-2-build-windows-amd64-cygwin\jdk8u181\11358\hotspot\src\share\vm\runtime\sharedRuntime.cpp, line 605]
Event: 16.721 Thread 0x0000000002dce000 Exception <a 'java/lang/ArrayIndexOutOfBoundsException'> (0x00000000ebf830d0) thrown at [C:\re\workspace\8-2-build-windows-amd64-cygwin\jdk8u181\11358\hotspot\src\share\vm\runtime\sharedRuntime.cpp, line 605]
Event: 16.725 Thread 0x0000000002dce000 Exception <a 'java/lang/ArrayIndexOutOfBoundsException'> (0x00000000ebf847e0) thrown at [C:\re\workspace\8-2-build-windows-amd64-cygwin\jdk8u181\11358\hotspot\src\share\vm\runtime\sharedRuntime.cpp, line 605]
Event: 16.780 Thread 0x0000000002dce000 Exception <a 'java/lang/ArrayIndexOutOfBoundsException': 79> (0x00000000ebfd3418) thrown at [C:\re\workspace\8-2-build-windows-amd64-cygwin\jdk8u181\11358\hotspot\src\share\vm\interpreter\interpreterRuntime.cpp, line 366]
Event: 16.781 Thread 0x0000000002dce000 Exception <a 'java/lang/ArrayIndexOutOfBoundsException': 38> (0x00000000ebfd43c8) thrown at [C:\re\workspace\8-2-build-windows-amd64-cygwin\jdk8u181\11358\hotspot\src\share\vm\interpreter\interpreterRuntime.cpp, line 366]
Event: 16.781 Thread 0x0000000002dce000 Exception <a 'java/lang/ArrayIndexOutOfBoundsException': 78> (0x00000000ebfd5580) thrown at [C:\re\workspace\8-2-build-windows-amd64-cygwin\jdk8u181\11358\hotspot\src\share\vm\interpreter\interpreterRuntime.cpp, line 366]
Event: 16.782 Thread 0x0000000002dce000 Exception <a 'java/lang/ArrayIndexOutOfBoundsException': 81> (0x00000000ebfd6728) thrown at [C:\re\workspace\8-2-build-windows-amd64-cygwin\jdk8u181\11358\hotspot\src\share\vm\interpreter\interpreterRuntime.cpp, line 366]
Event: 16.782 Thread 0x0000000002dce000 Exception <a 'java/lang/ArrayIndexOutOfBoundsException': 83> (0x00000000ebfd78e0) thrown at [C:\re\workspace\8-2-build-windows-amd64-cygwin\jdk8u181\11358\hotspot\src\share\vm\interpreter\interpreterRuntime.cpp, line 366]
Event: 17.311 Thread 0x0000000002dce000 Implicit null exception at 0x0000000002feb894 to 0x0000000002febc41
Event: 18.161 Thread 0x0000000002dce000 Exception <a 'java/lang/ClassNotFoundException': com/sun/org/glassfish/hk2/osgiresourcelocator/ServiceLoader> (0x00000000eb293dc0) thrown at [C:\re\workspace\8-2-build-windows-amd64-cygwin\jdk8u181\11358\hotspot\src\share\vm\classfile\systemDictionary.cpp

Events (10 events):
Event: 18.134 loading class java/util/concurrent/ConcurrentHashMap$EntryIterator
Event: 18.145 loading class java/util/concurrent/ConcurrentHashMap$BaseIterator
Event: 18.156 loading class java/util/concurrent/ConcurrentHashMap$Traverser
Event: 18.157 loading class java/util/concurrent/ConcurrentHashMap$Traverser done
Event: 18.157 loading class java/util/concurrent/ConcurrentHashMap$BaseIterator done
Event: 18.157 loading class java/util/concurrent/ConcurrentHashMap$EntryIterator done
Event: 18.157 loading class java/util/concurrent/ConcurrentHashMap$MapEntry
Event: 18.158 loading class java/util/concurrent/ConcurrentHashMap$MapEntry done
Event: 18.161 loading class com/sun/org/glassfish/hk2/osgiresourcelocator/ServiceLoader
Event: 18.161 loading class com/sun/org/glassfish/hk2/osgiresourcelocator/ServiceLoader done


Dynamic libraries:
0x00007ff6d6830000 - 0x00007ff6d6867000 	C:\Program Files\Java\jre1.8.0_181\bin\javaw.exe
0x00007ffc3d960000 - 0x00007ffc3db50000 	C:\WINDOWS\SYSTEM32\ntdll.dll
0x00007ffc3d360000 - 0x00007ffc3d412000 	C:\WINDOWS\System32\KERNEL32.DLL
0x00007ffc3adc0000 - 0x00007ffc3b063000 	C:\WINDOWS\System32\KERNELBASE.dll
0x00007ffc3bb30000 - 0x00007ffc3bbd3000 	C:\WINDOWS\System32\ADVAPI32.dll
0x00007ffc3d7b0000 - 0x00007ffc3d84e000 	C:\WINDOWS\System32\msvcrt.dll
0x00007ffc3ba10000 - 0x00007ffc3baa7000 	C:\WINDOWS\System32\sechost.dll
0x00007ffc3ca10000 - 0x00007ffc3cb30000 	C:\WINDOWS\System32\RPCRT4.dll
0x00007ffc3c2b0000 - 0x00007ffc3c444000 	C:\Program Files\Java\jre1.8.0_181\bin\java.dll
0x00007ffc3b9c0000 - 0x00007ffc3b9e1000 	C:\WINDOWS\System32\win32u.dll
0x00007ffc3be10000 - 0x00007ffc3be36000 	C:\WINDOWS\System32\GDI32.dll
0x00007ffc3abf0000 - 0x00007ffc3ad84000 	C:\WINDOWS\System32\gdi32full.dll
0x00007ffc3a8f0000 - 0x00007ffc3a98e000 	C:\WINDOWS\System32\msvcp_win.dll
0x00007ffc3a9f0000 - 0x00007ffc3aaea000 	C:\WINDOWS\System32\KERNEL32.DLL
0x00007ffc1f9c0000 - 0x00007ffc1fc45000 	C:\WINDOWS\System32\msvcrt.dll0x00007ffc3d440000 - 0x00007ffc3d776000 	C:\WINDOWS\System32\RPCRT4.dll
0x00007ffc3b070000 - 0x00007ffc3b0f0000 	C:\WINDOWS\System32\win32u.dll
0x00007ffc3d780000 - 0x00007ffc3d7ae000 	C:\WINDOWS\System32\IMM32.DLL
0x0000000063210000 - 0x00000000632e2000 	C:\WINDOWS\System32\msvcp_win.dll
0x0000000062700000 - 0x0000000062fa2000 	C:\WINDOWS\WinSxS\amd64_microsoft.windows.common-controls_6595b64144ccf1df_6.0.18362.778_none_e6c6b761130d4fb8\COMCTL32.dll
0x00007ffc3c450000 - 0x00007ffc3c458000 	C:\WINDOWS\System32\PSAPI.DLL
0x00007ffc383c0000 - 0x00007ffc383e4000 	C:\WINDOWS\System32\IMM32.DLL
0x00007ffc32ee0000 - 0x00007ffc32eea000 	C:\Program Files\Java\jre1.8.0_181\bin\server\jvm.dll
0x00007ffc2daf0000 - 0x00007ffc2daf9000 	C:\WINDOWS\System32\PSAPI.DLL
0x00007ffc3c8f0000 - 0x00007ffc3c95f000 	C:\WINDOWS\SYSTEM32\VERSION.dll
0x00007ffc38390000 - 0x00007ffc383bd000 	C:\WINDOWS\SYSTEM32\WSOCK32.dll
0x00007ffc3aaf0000 - 0x00007ffc3ab3a000 	C:\WINDOWS\System32\cfgmgr32.dll
0x0000000062610000 - 0x000000006261f000 	C:\Program Files\Java\jre1.8.0_181\bin\verify.dll
0x00000000625e0000 - 0x0000000062609000 	C:\Program Files\Java\jre1.8.0_181\bin\java.dll
0x00000000625c0000 - 0x00000000625d6000 	C:\Program Files\Java\jre1.8.0_181\bin\zip.dll
0x00007ffc3cb90000 - 0x00007ffc3d275000 	C:\WINDOWS\System32\KERNELBASE.dll
0x00007ffc3c960000 - 0x00007ffc3ca09000 	C:\WINDOWS\System32\USER32.dll
0x00007ffc3b0f0000 - 0x00007ffc3b870000 	C:\WINDOWS\System32\gdi32full.dll
0x00007ffc3a8a0000 - 0x00007ffc3a8c3000 	C:\WINDOWS\WinSxS\amd64_microsoft.windows.common-controls_6595b64144ccf1df_6.0.18362.778_none_e6c6b761130d4fb8\COMCTL32.dll
0x00007ffc3a830000 - 0x00007ffc3a87a000 	C:\WINDOWS\System32\bcryptPrimitives.dll
0x00007ffc3a820000 - 0x00007ffc3a830000 	C:\Program Files\Java\jre1.8.0_181\bin\msvcr100.dll
0x00007ffc3cb30000 - 0x00007ffc3cb82000 	C:\WINDOWS\SYSTEM32\WINMM.dll
0x00007ffc3a880000 - 0x00007ffc3a891000 	C:\WINDOWS\SYSTEM32\WSOCK32.dll
0x00007ffc3b9f0000 - 0x00007ffc3ba07000 	C:\WINDOWS\System32\cryptsp.dll

VM Arguments:
jvm_args: -Dfile.encoding=UTF-8 
java_command: App
java_class_path (initial): C:\Users\Yashoda\Desktop\WORKSPACE_SPRING\CRUD_Hibe_CriteriaQuery\target\classes;C:\Users\Yashoda\.m2\repository\org\hibernate\hibernate-core\5.1.12.Final\hibernate-core-5.1.12.Final.jar;C:\Users\Yashoda\.m2\repository\org\jboss\logging\jboss-logging\3.3.0.Final\jboss-logging-3.3.0.Final.jar;C:\Users\Yashoda\.m2\repository\org\hibernate\javax\persistence\hibernate-jpa-2.1-api\1.0.0.Final\hibernate-jpa-2.1-api-1.0.0.Final.jar;C:\Users\Yashoda\.m2\repository\org\javassist\javassist\3.20.0-GA\javassist-3.20.0-GA.jar;C:\Users\Yashoda\.m2\repository\antlr\antlr\2.7.7\antlr-2.7.7.jar;C:\Users\Yashoda\.m2\repository\org\apache\geronimo\specs\geronimo-jta_1.1_spec\1.1.1\geronimo-jta_1.1_spec-1.1.1.jar;C:\Users\Yashoda\.m2\repository\org\jboss\jandex\2.0.3.Final\jandex-2.0.3.Final.jar;C:\Users\Yashoda\.m2\repository\com\fasterxml\classmate\1.3.0\classmate-1.3.0.jar;C:\Users\Yashoda\.m2\repository\dom4j\dom4j\1.6.1\dom4j-1.6.1.jar;C:\Users\Yashoda\.m2\repository\xml-apis\xml-apis\1.0.b2\xml-apis-1.0.b2.jar;C:\Users\Yashoda\.m2\repository\org\hibernate\common\hibernate-commons-annotations\5.0.1.Final\hibernate-commons-annotations-5.0.1.Final.jar;C:\Users\Yashoda\.m2\repository\mysql\mysql-connector-java\5.1.32\mysql-connector-java-5.1.32.jar
Launcher Type: SUN_STANDARD

Environment Variables:
PATH=C:/Program Files/Java/jre1.8.0_181/bin/server;C:/Program Files/Java/jre1.8.0_181/bin;C:/Program Files/Java/jre1.8.0_181/lib/amd64;C:\Program Files (x86)\Common Files\Oracle\Java\javapath;C:\WINDOWS\system32;C:\WINDOWS;C:\WINDOWS\System32\Wbem;C:\WINDOWS\System32\WindowsPowerShell\v1.0\;C:\WINDOWS\System32\OpenSSH\;C:\Program Files\Git\cmd;C:\Program Files\Java\jdk1.8.0_181\bin;C:\Android;C:\Windows\System32;C:\Users\Yashoda\Desktop\Maven_Zip\apache-maven-3.6.3\bin;C:\Users\Yashoda\AppData\Local\Microsoft\WindowsApps;C:\Users\Yashoda\AppData\Local\Programs\Microsoft VS Code\bin;C:\Users\Yashoda\Desktop\eclipse;
USERNAME=Yashoda
OS=Windows_NT
PROCESSOR_IDENTIFIER=Intel64 Family 6 Model 78 Stepping 3, GenuineIntel



---------------  S Y S T E M  ---------------

OS: Windows 10.0 , 64 bit Build 18362 (10.0.18362.778)

CPU:total 4 (initial active 4) (2 cores per cpu, 2 threads per core) family 6 model 78 stepping 3, cmov, cx8, fxsr, mmx, sse, sse2, sse3, ssse3, sse4.1, sse4.2, popcnt, avx, avx2, aes, clmul, erms, 3dnowpref, lzcnt, ht, tsc, tscinvbit, bmi1, bmi2, adx

Memory: 4k page, physical 4109224k(344196k free), swap 16692136k(4760k free)

vm_info: Java HotSpot(TM) 64-Bit Server VM (25.181-b13) for windows-amd64 JRE (1.8.0_181-b13), built on Jul  7 2018 04:01:33 by "java_re" with MS VC++ 10.0 (VS2010)

time: Tue May 19 17:50:53 2020
elapsed time: 18 seconds (0d 0h 0m 18s)

