#
# There is insufficient memory for the Java Runtime Environment to continue.
# Native memory allocation (malloc) failed to allocate 38096 bytes for Chunk::new
# Possible reasons:
#   The system is out of physical RAM or swap space
#   In 32 bit mode, the process size limit was hit
# Possible solutions:
#   Reduce memory load on the system
#   Increase physical memory or swap space
#   Check if swap backing store is full
#   Use 64 bit Java on a 64 bit OS
#   Decrease Java heap size (-Xmx/-Xms)
#   Decrease number of Java threads
#   Decrease Java thread stack sizes (-Xss)
#   Set larger code cache with -XX:ReservedCodeCacheSize=
# This output file may be truncated or incomplete.
#
#  Out of Memory Error (allocation.cpp:390), pid=16852, tid=0x0000000000003704
#
# JRE version: Java(TM) SE Runtime Environment (8.0_181-b13) (build 1.8.0_181-b13)
# Java VM: Java HotSpot(TM) 64-Bit Server VM (25.181-b13 mixed mode windows-amd64 compressed oops)
# Failed to write core dump. Minidumps are not enabled by default on client versions of Windows
#

---------------  T H R E A D  ---------------

Current thread (0x0000000015536800):  JavaThread "C2 CompilerThread1" daemon [_thread_in_native, id=14084, stack(0x0000000016c90000,0x0000000016d90000)]

Stack: [0x0000000016c90000,0x0000000016d90000]
[error occurred during error reporting (printing stack bounds), id 0xc0000005]

Native frames: (J=compiled Java code, j=interpreted, Vv=VM code, C=native code)


Current CompileTask:
C2:  29429  149 %     4       java.lang.String::indexOf @ 69 (166 bytes)


---------------  P R O C E S S  ---------------

Java Threads: ( => current thread )
  0x000000001558e000 JavaThread "Service Thread" daemon [_thread_blocked, id=17536, stack(0x0000000017290000,0x0000000017390000)]
  0x000000001553d800 JavaThread "C1 CompilerThread2" daemon [_thread_in_native, id=1356, stack(0x0000000016d90000,0x0000000016e90000)]
=>0x0000000015536800 JavaThread "C2 CompilerThread1" daemon [_thread_in_native, id=14084, stack(0x0000000016c90000,0x0000000016d90000)]
  0x0000000015530800 JavaThread "C2 CompilerThread0" daemon [_thread_in_native, id=5200, stack(0x0000000016b90000,0x0000000016c90000)]
  0x000000001552e800 JavaThread "Attach Listener" daemon [_thread_blocked, id=12696, stack(0x0000000016a90000,0x0000000016b90000)]
  0x000000001552d000 JavaThread "Signal Dispatcher" daemon [_thread_blocked, id=15472, stack(0x0000000016990000,0x0000000016a90000)]
  0x000000001551a800 JavaThread "Finalizer" daemon [_thread_blocked, id=9968, stack(0x0000000016790000,0x0000000016890000)]
  0x0000000002f10800 JavaThread "Reference Handler" daemon [_thread_blocked, id=388, stack(0x0000000016690000,0x0000000016790000)]
  0x0000000002dde000 JavaThread "main" [_thread_in_vm, id=8416, stack(0x0000000002cd0000,0x0000000002dd0000)]

Other Threads:
  0x00000000154f8800 VMThread [stack: 0x0000000016590000,0x0000000016690000] [id=12116]
  0x0000000016ed7000 WatcherThread [stack: 0x0000000017390000,0x0000000017490000] [id=6156]

VM state:not at safepoint (normal execution)

VM Mutex/Monitor currently owned by a thread: None

Heap:
 PSYoungGen      total 18944K, used 9690K [0x00000000eb180000, 0x00000000ec680000, 0x0000000100000000)
  eden space 16384K, 55% used [0x00000000eb180000,0x00000000eba55528,0x00000000ec180000)
  from space 2560K, 25% used [0x00000000ec180000,0x00000000ec221350,0x00000000ec400000)
  to   space 2560K, 0% used [0x00000000ec400000,0x00000000ec400000,0x00000000ec680000)
 ParOldGen       total 44032K, used 8K [0x00000000c1400000, 0x00000000c3f00000, 0x00000000eb180000)
  object space 44032K, 0% used [0x00000000c1400000,0x00000000c1402000,0x00000000c3f00000)
 Metaspace       used 4936K, capacity 5660K, committed 5888K, reserved 1056768K
  class space    used 602K, capacity 656K, committed 768K, reserved 1048576K

Card table byte_map: [0x00000000122e0000,0x00000000124e0000] byte_map_base: 0x0000000011cd6000

Marking Bits: (ParMarkBitMap*) 0x0000000062f22d00
 Begin Bits: [0x0000000012a30000, 0x00000000139e0000)
 End Bits:   [0x00000000139e0000, 0x0000000014990000)

Polling page: 0x0000000000bf0000

CodeCache: size=245760Kb used=1513Kb max_used=1513Kb free=244246Kb
 bounds [0x0000000002f20000, 0x0000000003190000, 0x0000000011f20000]
 total_blobs=451 nmethods=194 adapters=170
 compilation: enabled

Compilation events (10 events):
Event: 29.328 Thread 0x0000000015530800  147       4       java.lang.CharacterData::of (120 bytes)
Event: 29.330 Thread 0x0000000015530800 nmethod 147 0x0000000003076d50 code [0x0000000003076e80, 0x0000000003076ef8]
Event: 29.333 Thread 0x000000001553d800 nmethod 145 0x0000000003080150 code [0x0000000003080500, 0x0000000003082758]
Event: 29.333 Thread 0x000000001553d800  148       3       java.util.Arrays::copyOf (19 bytes)
Event: 29.334 Thread 0x000000001553d800 nmethod 148 0x0000000003076790 code [0x0000000003076900, 0x0000000003076c28]
Event: 29.334 Thread 0x000000001553d800  141       1       sun.misc.URLClassPath$JarLoader::access$700 (5 bytes)
Event: 29.334 Thread 0x000000001553d800 nmethod 141 0x00000000030764d0 code [0x0000000003076620, 0x0000000003076710]
Event: 29.334 Thread 0x000000001553d800  146       1       java.security.CodeSource::getLocation (5 bytes)
Event: 29.334 Thread 0x000000001553d800 nmethod 146 0x000000000307fe90 code [0x000000000307ffe0, 0x00000000030800f0]
Event: 29.334 Thread 0x0000000015536800  149 %     4       java.lang.String::indexOf @ 69 (166 bytes)

GC Heap History (2 events):
Event: 0.255 GC heap before
{Heap before GC invocations=1 (full 0):
 PSYoungGen      total 18944K, used 16374K [0x00000000eb180000, 0x00000000ec680000, 0x0000000100000000)
  eden space 16384K, 99% used [0x00000000eb180000,0x00000000ec17d8c0,0x00000000ec180000)
  from space 2560K, 0% used [0x00000000ec400000,0x00000000ec400000,0x00000000ec680000)
  to   space 2560K, 0% used [0x00000000ec180000,0x00000000ec180000,0x00000000ec400000)
 ParOldGen       total 44032K, used 0K [0x00000000c1400000, 0x00000000c3f00000, 0x00000000eb180000)
  object space 44032K, 0% used [0x00000000c1400000,0x00000000c1400000,0x00000000c3f00000)
 Metaspace       used 2605K, capacity 4490K, committed 4864K, reserved 1056768K
  class space    used 290K, capacity 386K, committed 512K, reserved 1048576K
Event: 0.257 GC heap after
Heap after GC invocations=1 (full 0):
 PSYoungGen      total 18944K, used 644K [0x00000000eb180000, 0x00000000ec680000, 0x0000000100000000)
  eden space 16384K, 0% used [0x00000000eb180000,0x00000000eb180000,0x00000000ec180000)
  from space 2560K, 25% used [0x00000000ec180000,0x00000000ec221350,0x00000000ec400000)
  to   space 2560K, 0% used [0x00000000ec400000,0x00000000ec400000,0x00000000ec680000)
 ParOldGen       total 44032K, used 8K [0x00000000c1400000, 0x00000000c3f00000, 0x00000000eb180000)
  object space 44032K, 0% used [0x00000000c1400000,0x00000000c1402000,0x00000000c3f00000)
 Metaspace       used 2605K, capacity 4490K, committed 4864K, reserved 1056768K
  class space    used 290K, capacity 386K, committed 512K, reserved 1048576K
}

Deoptimization events (0 events):
No events

Classes redefined (0 events):
No events

Internal exceptions (6 events):
Event: 0.117 Thread 0x0000000002dde000 Exception <a 'java/lang/NoSuchMethodError': Method sun.misc.Unsafe.defineClass(Ljava/lang/String;[BII)Ljava/lang/Class; name or signature does not match> (0x00000000eb187cb0) thrown at [C:\re\workspace\8-2-build-windows-amd64-cygwin\jdk8u181\11358\hotspot
Event: 0.118 Thread 0x0000000002dde000 Exception <a 'java/lang/NoSuchMethodError': Method sun.misc.Unsafe.prefetchRead(Ljava/lang/Object;J)V name or signature does not match> (0x00000000eb187f98) thrown at [C:\re\workspace\8-2-build-windows-amd64-cygwin\jdk8u181\11358\hotspot\src\share\vm\prim
Event: 0.291 Thread 0x0000000002dde000 Exception <a 'java/security/PrivilegedActionException'> (0x00000000eb656670) thrown at [C:\re\workspace\8-2-build-windows-amd64-cygwin\jdk8u181\11358\hotspot\src\share\vm\prims\jvm.cpp, line 1435]
Event: 0.291 Thread 0x0000000002dde000 Exception <a 'java/security/PrivilegedActionException'> (0x00000000eb656a68) thrown at [C:\re\workspace\8-2-build-windows-amd64-cygwin\jdk8u181\11358\hotspot\src\share\vm\prims\jvm.cpp, line 1435]
Event: 0.292 Thread 0x0000000002dde000 Exception <a 'java/security/PrivilegedActionException'> (0x00000000eb65a8c0) thrown at [C:\re\workspace\8-2-build-windows-amd64-cygwin\jdk8u181\11358\hotspot\src\share\vm\prims\jvm.cpp, line 1435]
Event: 0.292 Thread 0x0000000002dde000 Exception <a 'java/security/PrivilegedActionException'> (0x00000000eb65acb8) thrown at [C:\re\workspace\8-2-build-windows-amd64-cygwin\jdk8u181\11358\hotspot\src\share\vm\prims\jvm.cpp, line 1435]

Events (10 events):
Event: 29.330 loading class org/hibernate/service/spi/ServiceBinding$ServiceLifecycleOwner
Event: 29.330 loading class org/hibernate/service/spi/ServiceBinding$ServiceLifecycleOwner done
Event: 29.332 loading class org/hibernate/service/spi/ServiceException
Event: 29.332 loading class org/hibernate/service/spi/ServiceException done
Event: 29.334 loading class org/hibernate/internal/CoreMessageLogger_$logger_en_US
Event: 29.334 loading class org/hibernate/internal/CoreMessageLogger_$logger_en_US done
Event: 29.335 loading class org/hibernate/internal/CoreMessageLogger_$logger_en
Event: 29.335 loading class org/hibernate/internal/CoreMessageLogger_$logger_en done
Event: 29.335 loading class org/hibernate/boot/registry/selector/internal/StrategySelectorImpl
Event: 29.335 loading class org/hibernate/boot/registry/selector/internal/StrategySelectorImpl done


Dynamic libraries:
0x00007ff6d6830000 - 0x00007ff6d6867000 	C:\Program Files\Java\jre1.8.0_181\bin\javaw.exe
0x00007ffc3d960000 - 0x00007ffc3db50000 	C:\WINDOWS\SYSTEM32\ntdll.dll
0x00007ffc3d360000 - 0x00007ffc3d412000 	C:\WINDOWS\System32\KERNEL32.DLL
0x00007ffc3adc0000 - 0x00007ffc3b063000 	C:\WINDOWS\System32\KERNELBASE.dll
0x00007ffc3bb30000 - 0x00007ffc3bbd3000 	C:\WINDOWS\System32\ADVAPI32.dll
0x00007ffc3d7b0000 - 0x00007ffc3d84e000 	C:\WINDOWS\System32\msvcrt.dll
0x00007ffc3ba10000 - 0x00007ffc3baa7000 	C:\WINDOWS\System32\sechost.dll
0x00007ffc3ca10000 - 0x00007ffc3cb30000 	C:\WINDOWS\System32\RPCRT4.dll
0x00007ffc3c2b0000 - 0x00007ffc3c444000 	C:\WINDOWS\System32\USER32.dll
0x00007ffc3b9c0000 - 0x00007ffc3b9e1000 	C:\WINDOWS\System32\win32u.dll
0x00007ffc3be10000 - 0x00007ffc3be36000 	C:\WINDOWS\System32\GDI32.dll
0x00007ffc3abf0000 - 0x00007ffc3ad84000 	C:\WINDOWS\System32\gdi32full.dll
0x00007ffc3a8f0000 - 0x00007ffc3a98e000 	C:\WINDOWS\System32\msvcp_win.dll
0x00007ffc3a9f0000 - 0x00007ffc3aaea000 	C:\WINDOWS\System32\ucrtbase.dll
0x00007ffc1f9c0000 - 0x00007ffc1fc45000 	C:\WINDOWS\WinSxS\amd64_microsoft.windows.common-controls_6595b64144ccf1df_6.0.18362.778_none_e6c6b761130d4fb8\COMCTL32.dll
0x00007ffc3d440000 - 0x00007ffc3d776000 	C:\WINDOWS\System32\combase.dll
0x00007ffc3b070000 - 0x00007ffc3b0f0000 	C:\WINDOWS\System32\bcryptPrimitives.dll
0x00007ffc3d780000 - 0x00007ffc3d7ae000 	C:\WINDOWS\System32\IMM32.DLL
0x0000000063210000 - 0x00000000632e2000 	C:\Program Files\Java\jre1.8.0_181\bin\msvcr100.dll
0x0000000062700000 - 0x0000000062fa2000 	C:\Program Files\Java\jre1.8.0_181\bin\server\jvm.dll
0x00007ffc3c450000 - 0x00007ffc3c458000 	C:\WINDOWS\System32\PSAPI.DLL
0x00007ffc383c0000 - 0x00007ffc383e4000 	C:\WINDOWS\SYSTEM32\WINMM.dll
0x00007ffc32ee0000 - 0x00007ffc32eea000 	C:\WINDOWS\SYSTEM32\VERSION.dll
0x00007ffc2daf0000 - 0x00007ffc2daf9000 	C:\WINDOWS\SYSTEM32\WSOCK32.dll
0x00007ffc3c8f0000 - 0x00007ffc3c95f000 	C:\WINDOWS\System32\WS2_32.dll
0x00007ffc38390000 - 0x00007ffc383bd000 	C:\WINDOWS\SYSTEM32\WINMMBASE.dll
0x00007ffc3aaf0000 - 0x00007ffc3ab3a000 	C:\WINDOWS\System32\cfgmgr32.dll
0x0000000062610000 - 0x000000006261f000 	C:\Program Files\Java\jre1.8.0_181\bin\verify.dll
0x00000000625e0000 - 0x0000000062609000 	C:\Program Files\Java\jre1.8.0_181\bin\java.dll
0x00000000625c0000 - 0x00000000625d6000 	C:\Program Files\Java\jre1.8.0_181\bin\zip.dll
0x00007ffc3cb90000 - 0x00007ffc3d275000 	C:\WINDOWS\System32\SHELL32.dll
0x00007ffc3c960000 - 0x00007ffc3ca09000 	C:\WINDOWS\System32\shcore.dll
0x00007ffc3b0f0000 - 0x00007ffc3b870000 	C:\WINDOWS\System32\windows.storage.dll
0x00007ffc3a8a0000 - 0x00007ffc3a8c3000 	C:\WINDOWS\System32\profapi.dll
0x00007ffc3a830000 - 0x00007ffc3a87a000 	C:\WINDOWS\System32\powrprof.dll
0x00007ffc3a820000 - 0x00007ffc3a830000 	C:\WINDOWS\System32\UMPDC.dll
0x00007ffc3cb30000 - 0x00007ffc3cb82000 	C:\WINDOWS\System32\shlwapi.dll
0x00007ffc3a880000 - 0x00007ffc3a891000 	C:\WINDOWS\System32\kernel.appcore.dll
0x00007ffc3b9f0000 - 0x00007ffc3ba07000 	C:\WINDOWS\System32\cryptsp.dll

VM Arguments:
jvm_args: -Dfile.encoding=UTF-8 
java_command: App
java_class_path (initial): C:\Users\Yashoda\Desktop\WORKSPACE_SPRING\CRUD_Hibe_CriteriaQuery\target\classes;C:\Users\Yashoda\.m2\repository\org\hibernate\hibernate-core\5.1.12.Final\hibernate-core-5.1.12.Final.jar;C:\Users\Yashoda\.m2\repository\org\jboss\logging\jboss-logging\3.3.0.Final\jboss-logging-3.3.0.Final.jar;C:\Users\Yashoda\.m2\repository\org\hibernate\javax\persistence\hibernate-jpa-2.1-api\1.0.0.Final\hibernate-jpa-2.1-api-1.0.0.Final.jar;C:\Users\Yashoda\.m2\repository\org\javassist\javassist\3.20.0-GA\javassist-3.20.0-GA.jar;C:\Users\Yashoda\.m2\repository\antlr\antlr\2.7.7\antlr-2.7.7.jar;C:\Users\Yashoda\.m2\repository\org\apache\geronimo\specs\geronimo-jta_1.1_spec\1.1.1\geronimo-jta_1.1_spec-1.1.1.jar;C:\Users\Yashoda\.m2\repository\org\jboss\jandex\2.0.3.Final\jandex-2.0.3.Final.jar;C:\Users\Yashoda\.m2\repository\com\fasterxml\classmate\1.3.0\classmate-1.3.0.jar;C:\Users\Yashoda\.m2\repository\dom4j\dom4j\1.6.1\dom4j-1.6.1.jar;C:\Users\Yashoda\.m2\repository\xml-apis\xml-apis\1.0.b2\xml-apis-1.0.b2.jar;C:\Users\Yashoda\.m2\repository\org\hibernate\common\hibernate-commons-annotations\5.0.1.Final\hibernate-commons-annotations-5.0.1.Final.jar;C:\Users\Yashoda\.m2\repository\mysql\mysql-connector-java\5.1.32\mysql-connector-java-5.1.32.jar
Launcher Type: SUN_STANDARD

Environment Variables:
PATH=C:/Program Files/Java/jre1.8.0_181/bin/server;C:/Program Files/Java/jre1.8.0_181/bin;C:/Program Files/Java/jre1.8.0_181/lib/amd64;C:\Program Files (x86)\Common Files\Oracle\Java\javapath;C:\WINDOWS\system32;C:\WINDOWS;C:\WINDOWS\System32\Wbem;C:\WINDOWS\System32\WindowsPowerShell\v1.0\;C:\WINDOWS\System32\OpenSSH\;C:\Program Files\Git\cmd;C:\Program Files\Java\jdk1.8.0_181\bin;C:\Android;C:\Windows\System32;C:\Users\Yashoda\Desktop\Maven_Zip\apache-maven-3.6.3\bin;C:\Users\Yashoda\AppData\Local\Microsoft\WindowsApps;C:\Users\Yashoda\AppData\Local\Programs\Microsoft VS Code\bin;C:\Users\Yashoda\Desktop\eclipse;
USERNAME=Yashoda
OS=Windows_NT
PROCESSOR_IDENTIFIER=Intel64 Family 6 Model 78 Stepping 3, GenuineIntel



---------------  S Y S T E M  ---------------

OS: Windows 10.0 , 64 bit Build 18362 (10.0.18362.778)

CPU:total 4 (initial active 4) (2 cores per cpu, 2 threads per core) family 6 model 78 stepping 3, cmov, cx8, fxsr, mmx, sse, sse2, sse3, ssse3, sse4.1, sse4.2, popcnt, avx, avx2, aes, clmul, erms, 3dnowpref, lzcnt, ht, tsc, tscinvbit, bmi1, bmi2, adx

Memory: 4k page, physical 4109224k(307040k free), swap 16692136k(800k free)

vm_info: Java HotSpot(TM) 64-Bit Server VM (25.181-b13) for windows-amd64 JRE (1.8.0_181-b13), built on Jul  7 2018 04:01:33 by "java_re" with MS VC++ 10.0 (VS2010)

time: Tue May 19 17:49:05 2020
elapsed time: 29 seconds (0d 0h 0m 29s)

